<?xml version="1.0" encoding="UTF-8"?>
<testng-results ignored="0" total="1" passed="1" failed="0" skipped="0">
  <reporter-output>
  </reporter-output>
  <suite started-at="2022-10-24T02:22:42Z" name="Suite1" finished-at="2022-10-24T02:23:18Z" duration-ms="36354">
    <groups>
      <group name="cucumber">
        <method signature="AbstractTestNGCucumberTests.feature(cucumber.api.testng.CucumberFeatureWrapper)[pri:0, instance:globaltek.usa.myrunner.MyRunner@134d26af]" name="feature" class="cucumber.api.testng.AbstractTestNGCucumberTests"/>
      </group> <!-- cucumber -->
    </groups>
    <test started-at="2022-10-24T02:22:42Z" name="Nopackage" finished-at="2022-10-24T02:23:18Z" duration-ms="36354">
      <class name="globaltek.usa.myrunner.MyRunner">
        <test-method is-config="true" signature="setUpClass()[pri:0, instance:globaltek.usa.myrunner.MyRunner@134d26af]" started-at="2022-10-24T02:22:42Z" name="setUpClass" finished-at="2022-10-24T02:22:42Z" duration-ms="645" status="PASS">
          <reporter-output>
          </reporter-output>
        </test-method> <!-- setUpClass -->
        <test-method signature="feature(cucumber.api.testng.CucumberFeatureWrapper)[pri:0, instance:globaltek.usa.myrunner.MyRunner@134d26af]" started-at="2022-10-24T02:22:42Z" name="feature" description="Runs Cucumber Feature" data-provider="features" finished-at="2022-10-24T02:23:18Z" duration-ms="35463" status="PASS">
          <params>
            <param index="0">
              <value>
                <![CDATA[Users able to buy the properties]]>
              </value>
            </param>
          </params>
          <reporter-output>
          </reporter-output>
        </test-method> <!-- feature -->
        <test-method is-config="true" signature="tearDownClass()[pri:0, instance:globaltek.usa.myrunner.MyRunner@134d26af]" started-at="2022-10-24T02:23:18Z" name="tearDownClass" finished-at="2022-10-24T02:23:18Z" duration-ms="17" status="PASS">
          <reporter-output>
          </reporter-output>
        </test-method> <!-- tearDownClass -->
      </class> <!-- globaltek.usa.myrunner.MyRunner -->
    </test> <!-- Nopackage -->
  </suite> <!-- Suite1 -->
</testng-results>
