<?xml version="1.0" encoding="UTF-8"?>
<testng-results ignored="0" total="1" passed="1" failed="0" skipped="0">
  <reporter-output>
  </reporter-output>
  <suite started-at="2022-11-21T03:05:08Z" name="Suite" finished-at="2022-11-21T03:05:19Z" duration-ms="10887">
    <groups>
      <group name="cucumber">
        <method signature="AbstractTestNGCucumberTests.feature(cucumber.api.testng.CucumberFeatureWrapper)[pri:0, instance:globaltek.usa.myrunner.MyRunner@4c60d6e9]" name="feature" class="cucumber.api.testng.AbstractTestNGCucumberTests"/>
      </group> <!-- cucumber -->
    </groups>
    <test started-at="2022-11-21T03:05:08Z" name="Test" finished-at="2022-11-21T03:05:19Z" duration-ms="10887">
      <class name="globaltek.usa.myrunner.MyRunner">
        <test-method is-config="true" signature="setUpClass()[pri:0, instance:globaltek.usa.myrunner.MyRunner@4c60d6e9]" started-at="2022-11-21T03:05:08Z" name="setUpClass" finished-at="2022-11-21T03:05:08Z" duration-ms="516" status="PASS">
          <reporter-output>
          </reporter-output>
        </test-method> <!-- setUpClass -->
        <test-method signature="feature(cucumber.api.testng.CucumberFeatureWrapper)[pri:0, instance:globaltek.usa.myrunner.MyRunner@4c60d6e9]" started-at="2022-11-21T03:05:09Z" name="feature" description="Runs Cucumber Feature" data-provider="features" finished-at="2022-11-21T03:05:19Z" duration-ms="10159" status="PASS">
          <params>
            <param index="0">
              <value>
                <![CDATA[Users able to login application and parches the cloth]]>
              </value>
            </param>
          </params>
          <reporter-output>
          </reporter-output>
        </test-method> <!-- feature -->
        <test-method is-config="true" signature="tearDownClass()[pri:0, instance:globaltek.usa.myrunner.MyRunner@4c60d6e9]" started-at="2022-11-21T03:05:19Z" name="tearDownClass" finished-at="2022-11-21T03:05:19Z" duration-ms="19" status="PASS">
          <reporter-output>
          </reporter-output>
        </test-method> <!-- tearDownClass -->
      </class> <!-- globaltek.usa.myrunner.MyRunner -->
    </test> <!-- Test -->
  </suite> <!-- Suite -->
</testng-results>
